<?xml version="1.0" encoding="UTF-8"?>
<testng-results ignored="0" total="1" passed="1" failed="0" skipped="0">
  <reporter-output>
  </reporter-output>
  <suite started-at="2024-03-06T09:56:42 IST" name="Default suite" finished-at="2024-03-06T09:56:42 IST" duration-ms="64">
    <groups>
    </groups>
    <test started-at="2024-03-06T09:56:42 IST" name="Default test" finished-at="2024-03-06T09:56:42 IST" duration-ms="64">
      <class name="selenium_Testng.Demo1">
        <test-method signature="method1()[pri:0, instance:selenium_Testng.Demo1@272113c4]" started-at="2024-03-06T09:56:42 IST" name="method1" finished-at="2024-03-06T09:56:42 IST" duration-ms="9" status="PASS">
          <reporter-output>
          </reporter-output>
        </test-method> <!-- method1 -->
      </class> <!-- selenium_Testng.Demo1 -->
    </test> <!-- Default test -->
  </suite> <!-- Default suite -->
</testng-results>
